c:\study\c++\study_cpp\chapter03\assignment\stringctrlsample\debug\stringctrlsample.pch
c:\study\c++\study_cpp\chapter03\assignment\stringctrlsample\debug\vc143.pdb
c:\study\c++\study_cpp\chapter03\assignment\stringctrlsample\debug\vc143.idb
c:\study\c++\study_cpp\chapter03\assignment\stringctrlsample\debug\pch.obj
c:\study\c++\study_cpp\chapter03\assignment\stringctrlsample\debug\stringctrlsample.obj
c:\study\c++\study_cpp\chapter03\assignment\stringctrlsample\debug\mystring.obj
c:\study\c++\study_cpp\chapter03\assignment\stringctrlsample\debug\stringctrlsample.ilk
c:\study\c++\study_cpp\chapter03\assignment\stringctrlsample\debug\stringctrlsample.exe
c:\study\c++\study_cpp\chapter03\assignment\stringctrlsample\debug\stringctrlsample.pdb
d:\공부\c++\study_cpp\chapter03\assignment\stringctrlsample\debug\mystring.obj
d:\공부\c++\study_cpp\chapter03\assignment\stringctrlsample\debug\pch.obj
d:\공부\c++\study_cpp\chapter03\assignment\stringctrlsample\debug\stringctrlsample.obj
d:\공부\c++\study_cpp\chapter03\assignment\stringctrlsample\debug\stringctrlsample.ilk
d:\공부\c++\study_cpp\chapter03\assignment\stringctrlsample\debug\stringctrlsample.pch
d:\공부\c++\study_cpp\chapter03\assignment\stringctrlsample\debug\vc142.idb
d:\공부\c++\study_cpp\chapter03\assignment\stringctrlsample\debug\vc143.idb
d:\공부\c++\study_cpp\chapter03\assignment\stringctrlsample\debug\stringctrlsample.pdb
d:\공부\c++\study_cpp\chapter03\assignment\stringctrlsample\debug\vc142.pdb
d:\공부\c++\study_cpp\chapter03\assignment\stringctrlsample\debug\vc143.pdb
d:\공부\c++\study_cpp\chapter03\assignment\stringctrlsample\debug\stringctrlsample.exe
d:\공부\c++\study_cpp\chapter03\assignment\stringctrlsample\debug\stringctrlsample.tlog\cl.command.1.tlog
d:\공부\c++\study_cpp\chapter03\assignment\stringctrlsample\debug\stringctrlsample.tlog\cl.read.1.tlog
d:\공부\c++\study_cpp\chapter03\assignment\stringctrlsample\debug\stringctrlsample.tlog\cl.write.1.tlog
d:\공부\c++\study_cpp\chapter03\assignment\stringctrlsample\debug\stringctrlsample.tlog\link.command.1.tlog
d:\공부\c++\study_cpp\chapter03\assignment\stringctrlsample\debug\stringctrlsample.tlog\link.read.1.tlog
d:\공부\c++\study_cpp\chapter03\assignment\stringctrlsample\debug\stringctrlsample.tlog\link.write.1.tlog
